<?xml version="1.0" encoding="UTF-8"?>
<!-- Generated by org.testng.reporters.JUnitReportReporter -->
<testsuite skipped="0" hostname="NB0466" name="APITests" tests="2" failures="0" timestamp="2022-10-10T17:06:30 ICT" time="3.243" errors="0">
  <testcase name="test2" time="0.201" classname="APITests"/>
  <system-out/>
  <testcase name="test1" time="3.042" classname="APITests"/>
  <system-out/>
</testsuite> <!-- APITests -->
